<?xml version="1.0" encoding="UTF-8"?>
<testsuite xmlns:xsi="http://www.w3.org/2001/XMLSchema-instance" xsi:noNamespaceSchemaLocation="https://maven.apache.org/surefire/maven-surefire-plugin/xsd/surefire-test-report-3.0.xsd" version="3.0" name="tn.foyer.EtudiantServiceJUnitTest" time="31.098" tests="6" errors="0" skipped="0" failures="0">
  <properties>
[...]
</properties>
  <testcase name="addEtudiant" classname="tn.foyer.EtudiantServiceJUnitTest" time="4.115">
    <system-out><![CDATA[
  .   ____          _            __ _ _
 /\\ / ___'_ __ _ _(_)_ __  __ _ \ \ \ \
( ( )\___ | '_ | '_| | '_ \/ _` | \ \ \ \
 \\/  ___)| |_)| | | | | || (_| |  ) ) ) )
  '  |____| .__|_| |_|_| |_\__, | / / / /
 =========|_|==============|___/=/_/_/_/
 :: Spring Boot ::                (v3.1.3)

2025-02-16T22:46:24.786+01:00  INFO 12836 --- [           main] tn.foyer.EtudiantServiceJUnitTest        : Starting EtudiantServiceJUnitTest using Java 17 with PID 12836 (started by asus in C:\Users\asus\foyer_projet\Tp-Foyer)
2025-02-16T22:46:24.805+01:00  INFO 12836 --- [           main] tn.foyer.EtudiantServiceJUnitTest        : No active profile set, falling back to 1 default profile: "default"
2025-02-16T22:46:28.421+01:00  INFO 12836 --- [           main] .s.d.r.c.RepositoryConfigurationDelegate : Bootstrapping Spring Data JPA repositories in DEFAULT mode.
2025-02-16T22:46:28.739+01:00  INFO 12836 --- [           main] .s.d.r.c.RepositoryConfigurationDelegate : Finished Spring Data repository scanning in 292 ms. Found 6 JPA repository interfaces.
2025-02-16T22:46:30.381+01:00  INFO 12836 --- [           main] o.hibernate.jpa.internal.util.LogHelper  : HHH000204: Processing PersistenceUnitInfo [name: default]
2025-02-16T22:46:30.753+01:00  INFO 12836 --- [           main] org.hibernate.Version                    : HHH000412: Hibernate ORM core version 6.2.7.Final
2025-02-16T22:46:30.761+01:00  INFO 12836 --- [           main] org.hibernate.cfg.Environment            : HHH000406: Using bytecode reflection optimizer
2025-02-16T22:46:31.729+01:00  INFO 12836 --- [           main] o.h.b.i.BytecodeProviderInitiator        : HHH000021: Bytecode provider name : bytebuddy
2025-02-16T22:46:32.393+01:00  INFO 12836 --- [           main] o.s.o.j.p.SpringPersistenceUnitInfo      : No LoadTimeWeaver setup: ignoring JPA class transformer
2025-02-16T22:46:32.471+01:00  INFO 12836 --- [           main] com.zaxxer.hikari.HikariDataSource       : HikariPool-1 - Starting...
2025-02-16T22:46:33.669+01:00  INFO 12836 --- [           main] com.zaxxer.hikari.pool.HikariPool        : HikariPool-1 - Added connection conn0: url=jdbc:h2:mem:testdb user=SA
2025-02-16T22:46:33.674+01:00  INFO 12836 --- [           main] com.zaxxer.hikari.HikariDataSource       : HikariPool-1 - Start completed.
2025-02-16T22:46:34.891+01:00  INFO 12836 --- [           main] o.h.b.i.BytecodeProviderInitiator        : HHH000021: Bytecode provider name : bytebuddy
2025-02-16T22:46:38.023+01:00  INFO 12836 --- [           main] o.h.e.t.j.p.i.JtaPlatformInitiator       : HHH000490: Using JtaPlatform implementation: [org.hibernate.engine.transaction.jta.platform.internal.NoJtaPlatform]
Hibernate: create table bloc (id_bloc bigint generated by default as identity, capacite_bloc bigint not null, nom_bloc varchar(255), foyer_id_foyer bigint, primary key (id_bloc))
Hibernate: create table chambre (id_chambre bigint generated by default as identity, numero_chambre bigint not null, type_chambre varchar(255) check (type_chambre in ('SIMPLE','DOUBLE','TRIPLE')), bloc_id_bloc bigint, primary key (id_chambre))
Hibernate: create table chambre_reservations (chambre_id_chambre bigint not null, reservations_id_reservation varchar(255) not null, primary key (chambre_id_chambre, reservations_id_reservation))
Hibernate: create table etudiant (id_etudiant bigint generated by default as identity, cin_etudiant bigint not null, date_naissance timestamp(6), nom_etudiant varchar(255), prenom_etudiant varchar(255), primary key (id_etudiant))
Hibernate: create table foyer (id_foyer bigint generated by default as identity, capacite_foyer bigint not null, nom_foyer varchar(255), primary key (id_foyer))
Hibernate: create table reservation (id_reservation varchar(255) not null, annee_universitaire date, est_valide boolean not null, primary key (id_reservation))
Hibernate: create table reservation_etudiants (reservations_id_reservation varchar(255) not null, etudiants_id_etudiant bigint not null, primary key (reservations_id_reservation, etudiants_id_etudiant))
Hibernate: create table universite (id_universite bigint generated by default as identity, adresse varchar(255), nom_universite varchar(255), foyer_id_foyer bigint, primary key (id_universite))
Hibernate: alter table if exists chambre_reservations drop constraint if exists UK_lhhok2kyd975dqwp4cuo2w6df
Hibernate: alter table if exists chambre_reservations add constraint UK_lhhok2kyd975dqwp4cuo2w6df unique (reservations_id_reservation)
Hibernate: alter table if exists universite drop constraint if exists UK_shp3tdxapicb48phb2shb39gu
Hibernate: alter table if exists universite add constraint UK_shp3tdxapicb48phb2shb39gu unique (foyer_id_foyer)
Hibernate: alter table if exists bloc add constraint FKrlx3b5jtde0ftmmrcqbifn0pt foreign key (foyer_id_foyer) references foyer
Hibernate: alter table if exists chambre add constraint FKe3jmwbj3ohvcd61fqhgivoe9j foreign key (bloc_id_bloc) references bloc
Hibernate: alter table if exists chambre_reservations add constraint FKhx2j8u5cpdmo8pptjvnsjqwma foreign key (reservations_id_reservation) references reservation
Hibernate: alter table if exists chambre_reservations add constraint FKqy33yndadmosa4l31qk6v3vm2 foreign key (chambre_id_chambre) references chambre
Hibernate: alter table if exists reservation_etudiants add constraint FK53dc9htdv7ne29h80i08urcqv foreign key (etudiants_id_etudiant) references etudiant
Hibernate: alter table if exists reservation_etudiants add constraint FKr9q9iw0kkhggmvjpnlv00h385 foreign key (reservations_id_reservation) references reservation
Hibernate: alter table if exists universite add constraint FK2b4r95emuv9ea1064hjqxpqq foreign key (foyer_id_foyer) references foyer
2025-02-16T22:46:38.307+01:00  INFO 12836 --- [           main] j.LocalContainerEntityManagerFactoryBean : Initialized JPA EntityManagerFactory for persistence unit 'default'
2025-02-16T22:46:39.780+01:00  INFO 12836 --- [           main] o.s.d.j.r.query.QueryEnhancerFactory     : Hibernate is in classpath; If applicable, HQL parser will be used.
2025-02-16T22:46:42.767+01:00  WARN 12836 --- [           main] JpaBaseConfiguration$JpaWebConfiguration : spring.jpa.open-in-view is enabled by default. Therefore, database queries may be performed during view rendering. Explicitly configure spring.jpa.open-in-view to disable this warning
2025-02-16T22:46:46.747+01:00  INFO 12836 --- [           main] tn.foyer.EtudiantServiceJUnitTest        : Started EtudiantServiceJUnitTest in 23.452 seconds (process running for 30.493)
2025-02-16T22:46:50.668+01:00  INFO 12836 --- [           main] t.f.services.service.EtudiantService     : Adding a single student: tn.foyer.entities.Etudiant@4f0d3d19
Hibernate: insert into etudiant (cin_etudiant,date_naissance,nom_etudiant,prenom_etudiant,id_etudiant) values (?,?,?,?,default)
Add Etudiant: Ok
]]></system-out>
  </testcase>
  <testcase name="retrieveAllEtudiants" classname="tn.foyer.EtudiantServiceJUnitTest" time="0.339">
    <system-out><![CDATA[2025-02-16T22:46:50.943+01:00  INFO 12836 --- [           main] t.f.services.service.EtudiantService     : Retrieving all students
Hibernate: select e1_0.id_etudiant,e1_0.cin_etudiant,e1_0.date_naissance,e1_0.nom_etudiant,e1_0.prenom_etudiant from etudiant e1_0
Retrieve All Etudiants: Ok
]]></system-out>
  </testcase>
  <testcase name="retrieveEtudiant" classname="tn.foyer.EtudiantServiceJUnitTest" time="0.048">
    <system-out><![CDATA[2025-02-16T22:46:51.287+01:00  INFO 12836 --- [           main] t.f.services.service.EtudiantService     : Retrieving student with ID: 1
Hibernate: select e1_0.id_etudiant,e1_0.cin_etudiant,e1_0.date_naissance,e1_0.nom_etudiant,e1_0.prenom_etudiant from etudiant e1_0 where e1_0.id_etudiant=?
Retrieve Etudiant: Ok
]]></system-out>
  </testcase>
  <testcase name="removeEtudiant" classname="tn.foyer.EtudiantServiceJUnitTest" time="0.078">
    <system-out><![CDATA[2025-02-16T22:46:51.336+01:00  INFO 12836 --- [           main] t.f.services.service.EtudiantService     : Removing student with ID: 1
Hibernate: select e1_0.id_etudiant,e1_0.cin_etudiant,e1_0.date_naissance,e1_0.nom_etudiant,e1_0.prenom_etudiant from etudiant e1_0 where e1_0.id_etudiant=?
Hibernate: delete from etudiant where id_etudiant=?
2025-02-16T22:46:51.399+01:00  INFO 12836 --- [           main] t.f.services.service.EtudiantService     : Retrieving student with ID: 1
Hibernate: select e1_0.id_etudiant,e1_0.cin_etudiant,e1_0.date_naissance,e1_0.nom_etudiant,e1_0.prenom_etudiant from etudiant e1_0 where e1_0.id_etudiant=?
Remove Etudiant: Ok
]]></system-out>
  </testcase>
  <testcase name="findByReservationsAnneeUniversitaire" classname="tn.foyer.EtudiantServiceJUnitTest" time="0.206">
    <system-out><![CDATA[2025-02-16T22:46:51.415+01:00  INFO 12836 --- [           main] t.f.services.service.EtudiantService     : Adding a single student: tn.foyer.entities.Etudiant@73e512fe
Hibernate: insert into etudiant (cin_etudiant,date_naissance,nom_etudiant,prenom_etudiant,id_etudiant) values (?,?,?,?,default)
2025-02-16T22:46:51.419+01:00  INFO 12836 --- [           main] t.f.services.service.EtudiantService     : Finding students by reservations for the current academic year
Hibernate: select e1_0.id_etudiant,e1_0.cin_etudiant,e1_0.date_naissance,e1_0.nom_etudiant,e1_0.prenom_etudiant from etudiant e1_0 left join (reservation_etudiants r1_0 join reservation r1_1 on r1_1.id_reservation=r1_0.reservations_id_reservation) on e1_0.id_etudiant=r1_0.etudiants_id_etudiant where r1_1.annee_universitaire=?
Find By Reservations Annee Universitaire: Ok
]]></system-out>
  </testcase>
  <testcase name="modifyEtudiant" classname="tn.foyer.EtudiantServiceJUnitTest" time="0.011">
    <system-out><![CDATA[2025-02-16T22:46:51.630+01:00  INFO 12836 --- [           main] t.f.services.service.EtudiantService     : Updating student: tn.foyer.entities.Etudiant@37f1249e
Hibernate: insert into etudiant (cin_etudiant,date_naissance,nom_etudiant,prenom_etudiant,id_etudiant) values (?,?,?,?,default)
Modify Etudiant: Ok
]]></system-out>
  </testcase>
</testsuite>